<?xml version="1.0" encoding="UTF-8"?>
<testsuite name="br.com.codenation.calculadora.CalculadoraSalarioSubmitTest" tests="13" skipped="0" failures="0" errors="0" timestamp="2021-10-13T02:11:57" hostname="gui-desktop" time="0.01">
  <properties/>
  <testcase name="salarioBruto50000Liquido" classname="br.com.codenation.calculadora.CalculadoraSalarioSubmitTest" time="0.004"/>
  <testcase name="salarioBruto4000e1Liquido" classname="br.com.codenation.calculadora.CalculadoraSalarioSubmitTest" time="0.0"/>
  <testcase name="salarioBruto1500Liquido1380" classname="br.com.codenation.calculadora.CalculadoraSalarioSubmitTest" time="0.001"/>
  <testcase name="salarioBruto1031e99Liquido0" classname="br.com.codenation.calculadora.CalculadoraSalarioSubmitTest" time="0.0"/>
  <testcase name="salarioBruto6750Liquido5106" classname="br.com.codenation.calculadora.CalculadoraSalarioSubmitTest" time="0.0"/>
  <testcase name="salarioBruto1000Liquido0" classname="br.com.codenation.calculadora.CalculadoraSalarioSubmitTest" time="0.0"/>
  <testcase name="salarioBruto6700Liquido" classname="br.com.codenation.calculadora.CalculadoraSalarioSubmitTest" time="0.001"/>
  <testcase name="salarioBruto6000Liquido4940" classname="br.com.codenation.calculadora.CalculadoraSalarioSubmitTest" time="0.0"/>
  <testcase name="salarioBruto1032Liquido949" classname="br.com.codenation.calculadora.CalculadoraSalarioSubmitTest" time="0.0"/>
  <testcase name="salarioBruto4000Liquido" classname="br.com.codenation.calculadora.CalculadoraSalarioSubmitTest" time="0.0"/>
  <testcase name="salarioBruto3290Liquido2994" classname="br.com.codenation.calculadora.CalculadoraSalarioSubmitTest" time="0.0"/>
  <testcase name="salarioBruto1500e1Liquido1365" classname="br.com.codenation.calculadora.CalculadoraSalarioSubmitTest" time="0.0"/>
  <testcase name="salarioBrutoNegativoLiquido0" classname="br.com.codenation.calculadora.CalculadoraSalarioSubmitTest" time="0.0"/>
  <system-out><![CDATA[50000.04000.011500.01038.996750.01000.06700.06000.01032.03290.03290.01500.01-500.0]]></system-out>
  <system-err><![CDATA[]]></system-err>
</testsuite>
